This file contains any messages produced by compilers while
running configure, to aid debugging if configure makes a mistake.

It was created by GD configure 2.0.33, which was
generated by GNU Autoconf 2.59.  Invocation command line was

  $ configure 

## --------- ##
## Platform. ##
## --------- ##

hostname = ost25-10373c
uname -m = i686
uname -r = 1.5.17(0.129/4/2)
uname -s = CYGWIN_NT-5.1
uname -v = 2005-05-25 19:38

/usr/bin/uname -p = unknown
/bin/uname -X     = unknown

/bin/arch              = unknown
/usr/bin/arch -k       = unknown
/usr/convex/getsysinfo = unknown
hostinfo               = unknown
/bin/machine           = unknown
/usr/bin/oslevel       = unknown
/bin/universe          = unknown

PATH: /cygdrive/c/mingw/bin
PATH: /usr/local/bin
PATH: /usr/bin
PATH: /bin
PATH: /usr/X11R6/bin
PATH: /cygdrive/c/WINDOWS/system32
PATH: /cygdrive/c/WINDOWS
PATH: /cygdrive/c/WINDOWS/system32/WBEM
PATH: /usr/bin
PATH: /cygdrive/c/Tcl832/bin
PATH: /cygdrive/c/bat
PATH: /cygdrive/c/Program
PATH: Files/Common
PATH: Files/Roxio
PATH: Shared/DLLShared
PATH: /cygdrive/c/BC45/BIN
PATH: /home/tayloraa/bin
PATH: .


## ----------- ##
## Core tests. ##
## ----------- ##

configure:1555: checking for a BSD-compatible install
configure:1610: result: /usr/bin/install -c
configure:1621: checking whether build environment is sane
configure:1664: result: yes
configure:1729: checking for gawk
configure:1745: found /usr/bin/gawk
configure:1755: result: gawk
configure:1765: checking whether make sets $(MAKE)
configure:1785: result: yes
configure:2002: checking for gcc
configure:2018: found /cygdrive/c/mingw/bin/gcc
configure:2028: result: gcc
configure:2272: checking for C compiler version
configure:2275: gcc --version </dev/null >&5
gcc.exe (GCC) 3.4.2 (mingw-special)
Copyright (C) 2004 Free Software Foundation, Inc.
This is free software; see the source for copying conditions.  There is NO
warranty; not even for MERCHANTABILITY or FITNESS FOR A PARTICULAR PURPOSE.

configure:2278: $? = 0
configure:2280: gcc -v </dev/null >&5
Reading specs from c:/mingw/bin/../lib/gcc/mingw32/3.4.2/specs
Configured with: ../gcc/configure --with-gcc --with-gnu-ld --with-gnu-as --host=mingw32 --target=mingw32 --prefix=/mingw --enable-threads --disable-nls --enable-languages=c,c++,f77,ada,objc,java --disable-win32-registry --disable-shared --enable-sjlj-exceptions --enable-libgcj --disable-java-awt --without-x --enable-java-gc=boehm --disable-libgcj-debug --enable-interpreter --enable-hash-synchronization --enable-libstdcxx-debug
Thread model: win32
gcc version 3.4.2 (mingw-special)
configure:2283: $? = 0
configure:2285: gcc -V </dev/null >&5
gcc.exe: `-V' option must have argument
configure:2288: $? = 1
configure:2311: checking for C compiler default output file name
configure:2314: gcc    conftest.c  >&5
configure:2317: $? = 0
configure:2363: result: a.exe
configure:2368: checking whether the C compiler works
configure:2374: ./a.exe
configure:2377: $? = 0
configure:2394: result: yes
configure:2401: checking whether we are cross compiling
configure:2403: result: no
configure:2406: checking for suffix of executables
configure:2408: gcc -o conftest.exe    conftest.c  >&5
configure:2411: $? = 0
configure:2436: result: .exe
configure:2442: checking for suffix of object files
configure:2463: gcc -c   conftest.c >&5
configure:2466: $? = 0
configure:2488: result: o
configure:2492: checking whether we are using the GNU C compiler
configure:2516: gcc -c   conftest.c >&5
configure:2522: $? = 0
configure:2526: test -z 
			 || test ! -s conftest.err
configure:2529: $? = 0
configure:2532: test -s conftest.o
configure:2535: $? = 0
configure:2548: result: yes
configure:2554: checking whether gcc accepts -g
configure:2575: gcc -c -g  conftest.c >&5
configure:2581: $? = 0
configure:2585: test -z 
			 || test ! -s conftest.err
configure:2588: $? = 0
configure:2591: test -s conftest.o
configure:2594: $? = 0
configure:2605: result: yes
configure:2622: checking for gcc option to accept ANSI C
configure:2692: gcc  -c -g -O2  conftest.c >&5
configure:2698: $? = 0
configure:2702: test -z 
			 || test ! -s conftest.err
configure:2705: $? = 0
configure:2708: test -s conftest.o
configure:2711: $? = 0
configure:2729: result: none needed
configure:2747: gcc -c -g -O2  conftest.c >&5
conftest.c:2: error: syntax error before "me"
configure:2753: $? = 1
configure: failed program was:
| #ifndef __cplusplus
|   choke me
| #endif
configure:2897: checking for style of include used by make
configure:2925: result: GNU
configure:2953: checking dependency style of gcc
configure:3043: result: gcc3
configure:3106: checking for gcc
configure:3132: result: gcc
configure:3376: checking for C compiler version
configure:3379: gcc --version </dev/null >&5
gcc.exe (GCC) 3.4.2 (mingw-special)
Copyright (C) 2004 Free Software Foundation, Inc.
This is free software; see the source for copying conditions.  There is NO
warranty; not even for MERCHANTABILITY or FITNESS FOR A PARTICULAR PURPOSE.

configure:3382: $? = 0
configure:3384: gcc -v </dev/null >&5
Reading specs from c:/mingw/bin/../lib/gcc/mingw32/3.4.2/specs
Configured with: ../gcc/configure --with-gcc --with-gnu-ld --with-gnu-as --host=mingw32 --target=mingw32 --prefix=/mingw --enable-threads --disable-nls --enable-languages=c,c++,f77,ada,objc,java --disable-win32-registry --disable-shared --enable-sjlj-exceptions --enable-libgcj --disable-java-awt --without-x --enable-java-gc=boehm --disable-libgcj-debug --enable-interpreter --enable-hash-synchronization --enable-libstdcxx-debug
Thread model: win32
gcc version 3.4.2 (mingw-special)
configure:3387: $? = 0
configure:3389: gcc -V </dev/null >&5
gcc.exe: `-V' option must have argument
configure:3392: $? = 1
configure:3395: checking whether we are using the GNU C compiler
configure:3451: result: yes
configure:3457: checking whether gcc accepts -g
configure:3508: result: yes
configure:3525: checking for gcc option to accept ANSI C
configure:3632: result: none needed
configure:3650: gcc -c -g -O2  conftest.c >&5
conftest.c:2: error: syntax error before "me"
configure:3656: $? = 1
configure: failed program was:
| #ifndef __cplusplus
|   choke me
| #endif
configure:3791: checking dependency style of gcc
configure:3881: result: gcc3
configure:3914: checking for a BSD-compatible install
configure:3969: result: /usr/bin/install -c
configure:4052: checking build system type
configure:4070: result: i686-pc-cygwin
configure:4078: checking host system type
configure:4092: result: i686-pc-cygwin
configure:4122: checking for ld used by GCC
configure:4185: result: c:/mingw/mingw32/bin/ld.exe
configure:4194: checking if the linker (c:/mingw/mingw32/bin/ld.exe) is GNU ld
GNU ld version 2.15.91 20040904
configure:4206: result: yes
configure:4211: checking for c:/mingw/mingw32/bin/ld.exe option to reload object files
configure:4218: result: -r
configure:4223: checking for BSD-compatible nm
configure:4259: result: /cygdrive/c/mingw/bin/nm -B
configure:4262: checking for a sed that does not truncate output
configure:4344: result: /usr/bin/sed
configure:4347: checking whether ln -s works
configure:4351: result: yes
configure:4358: checking how to recognise dependent libraries
configure:4539: result: file_magic file format pei*-i386(.*architecture: i386)?
configure:4552: checking command to parse /cygdrive/c/mingw/bin/nm -B output
configure:4636: gcc -c -g -O2  conftest.c >&5
configure:4639: $? = 0
configure:4643: /cygdrive/c/mingw/bin/nm -B conftest.o \| sed -n -e 's/^.*[ 	]\([ABCDGISTW][ABCDGISTW]*\)[ 	][ 	]*\(\)\([_A-Za-z][_A-Za-z0-9]*\)$/\1 \2\3 \3/p' \> conftest.nm
configure:4646: $? = 0
cannot find nm_test_var in conftest.nm
configure:4636: gcc -c -g -O2  conftest.c >&5
configure:4639: $? = 0
configure:4643: /cygdrive/c/mingw/bin/nm -B conftest.o \| sed -n -e 's/^.*[ 	]\([ABCDGISTW][ABCDGISTW]*\)[ 	][ 	]*\(_\)\([_A-Za-z][_A-Za-z0-9]*\)$/\1 \2\3 \3/p' \> conftest.nm
configure:4646: $? = 0
configure:4698: gcc -o conftest.exe -g -O2   conftest.c conftstm.o >&5
configure:4701: $? = 0
configure:4745: result: ok
configure:4754: checking how to run the C preprocessor
configure:4789: gcc -E  conftest.c
configure:4795: $? = 0
configure:4827: gcc -E  conftest.c
conftest.c:11:28: ac_nonexistent.h: No such file or directory
configure:4833: $? = 1
configure: failed program was:
| /* confdefs.h.  */
| 
| #define PACKAGE_NAME "GD"
| #define PACKAGE_TARNAME "gd"
| #define PACKAGE_VERSION "2.0.33"
| #define PACKAGE_STRING "GD 2.0.33"
| #define PACKAGE_BUGREPORT "gd@boutell.com"
| #define PACKAGE "gd"
| #define VERSION "2.0.33"
| /* end confdefs.h.  */
| #include <ac_nonexistent.h>
configure:4872: result: gcc -E
configure:4896: gcc -E  conftest.c
configure:4902: $? = 0
configure:4934: gcc -E  conftest.c
conftest.c:11:28: ac_nonexistent.h: No such file or directory
configure:4940: $? = 1
configure: failed program was:
| /* confdefs.h.  */
| 
| #define PACKAGE_NAME "GD"
| #define PACKAGE_TARNAME "gd"
| #define PACKAGE_VERSION "2.0.33"
| #define PACKAGE_STRING "GD 2.0.33"
| #define PACKAGE_BUGREPORT "gd@boutell.com"
| #define PACKAGE "gd"
| #define VERSION "2.0.33"
| /* end confdefs.h.  */
| #include <ac_nonexistent.h>
configure:4984: checking for egrep
configure:4994: result: grep -E
configure:4999: checking for ANSI C header files
configure:5024: gcc -c -g -O2  conftest.c >&5
configure:5030: $? = 0
configure:5034: test -z 
			 || test ! -s conftest.err
configure:5037: $? = 0
configure:5040: test -s conftest.o
configure:5043: $? = 0
configure:5129: gcc -o conftest.exe -g -O2   conftest.c  >&5
configure:5132: $? = 0
configure:5134: ./conftest.exe
configure:5137: $? = 0
configure:5152: result: yes
configure:5176: checking for sys/types.h
configure:5192: gcc -c -g -O2  conftest.c >&5
configure:5198: $? = 0
configure:5202: test -z 
			 || test ! -s conftest.err
configure:5205: $? = 0
configure:5208: test -s conftest.o
configure:5211: $? = 0
configure:5222: result: yes
configure:5176: checking for sys/stat.h
configure:5192: gcc -c -g -O2  conftest.c >&5
configure:5198: $? = 0
configure:5202: test -z 
			 || test ! -s conftest.err
configure:5205: $? = 0
configure:5208: test -s conftest.o
configure:5211: $? = 0
configure:5222: result: yes
configure:5176: checking for stdlib.h
configure:5192: gcc -c -g -O2  conftest.c >&5
configure:5198: $? = 0
configure:5202: test -z 
			 || test ! -s conftest.err
configure:5205: $? = 0
configure:5208: test -s conftest.o
configure:5211: $? = 0
configure:5222: result: yes
configure:5176: checking for string.h
configure:5192: gcc -c -g -O2  conftest.c >&5
configure:5198: $? = 0
configure:5202: test -z 
			 || test ! -s conftest.err
configure:5205: $? = 0
configure:5208: test -s conftest.o
configure:5211: $? = 0
configure:5222: result: yes
configure:5176: checking for memory.h
configure:5192: gcc -c -g -O2  conftest.c >&5
configure:5198: $? = 0
configure:5202: test -z 
			 || test ! -s conftest.err
configure:5205: $? = 0
configure:5208: test -s conftest.o
configure:5211: $? = 0
configure:5222: result: yes
configure:5176: checking for strings.h
configure:5192: gcc -c -g -O2  conftest.c >&5
configure:5198: $? = 0
configure:5202: test -z 
			 || test ! -s conftest.err
configure:5205: $? = 0
configure:5208: test -s conftest.o
configure:5211: $? = 0
configure:5222: result: yes
configure:5176: checking for inttypes.h
configure:5192: gcc -c -g -O2  conftest.c >&5
configure:5198: $? = 0
configure:5202: test -z 
			 || test ! -s conftest.err
configure:5205: $? = 0
configure:5208: test -s conftest.o
configure:5211: $? = 0
configure:5222: result: yes
configure:5176: checking for stdint.h
configure:5192: gcc -c -g -O2  conftest.c >&5
configure:5198: $? = 0
configure:5202: test -z 
			 || test ! -s conftest.err
configure:5205: $? = 0
configure:5208: test -s conftest.o
configure:5211: $? = 0
configure:5222: result: yes
configure:5176: checking for unistd.h
configure:5192: gcc -c -g -O2  conftest.c >&5
configure:5198: $? = 0
configure:5202: test -z 
			 || test ! -s conftest.err
configure:5205: $? = 0
configure:5208: test -s conftest.o
configure:5211: $? = 0
configure:5222: result: yes
configure:5248: checking dlfcn.h usability
configure:5260: gcc -c -g -O2  conftest.c >&5
conftest.c:55:19: dlfcn.h: No such file or directory
configure:5266: $? = 1
configure: failed program was:
| /* confdefs.h.  */
| 
| #define PACKAGE_NAME "GD"
| #define PACKAGE_TARNAME "gd"
| #define PACKAGE_VERSION "2.0.33"
| #define PACKAGE_STRING "GD 2.0.33"
| #define PACKAGE_BUGREPORT "gd@boutell.com"
| #define PACKAGE "gd"
| #define VERSION "2.0.33"
| #define STDC_HEADERS 1
| #define HAVE_SYS_TYPES_H 1
| #define HAVE_SYS_STAT_H 1
| #define HAVE_STDLIB_H 1
| #define HAVE_STRING_H 1
| #define HAVE_MEMORY_H 1
| #define HAVE_STRINGS_H 1
| #define HAVE_INTTYPES_H 1
| #define HAVE_STDINT_H 1
| #define HAVE_UNISTD_H 1
| /* end confdefs.h.  */
| #include <stdio.h>
| #if HAVE_SYS_TYPES_H
| # include <sys/types.h>
| #endif
| #if HAVE_SYS_STAT_H
| # include <sys/stat.h>
| #endif
| #if STDC_HEADERS
| # include <stdlib.h>
| # include <stddef.h>
| #else
| # if HAVE_STDLIB_H
| #  include <stdlib.h>
| # endif
| #endif
| #if HAVE_STRING_H
| # if !STDC_HEADERS && HAVE_MEMORY_H
| #  include <memory.h>
| # endif
| # include <string.h>
| #endif
| #if HAVE_STRINGS_H
| # include <strings.h>
| #endif
| #if HAVE_INTTYPES_H
| # include <inttypes.h>
| #else
| # if HAVE_STDINT_H
| #  include <stdint.h>
| # endif
| #endif
| #if HAVE_UNISTD_H
| # include <unistd.h>
| #endif
| #include <dlfcn.h>
configure:5289: result: no
configure:5293: checking dlfcn.h presence
configure:5303: gcc -E  conftest.c
conftest.c:21:19: dlfcn.h: No such file or directory
configure:5309: $? = 1
configure: failed program was:
| /* confdefs.h.  */
| 
| #define PACKAGE_NAME "GD"
| #define PACKAGE_TARNAME "gd"
| #define PACKAGE_VERSION "2.0.33"
| #define PACKAGE_STRING "GD 2.0.33"
| #define PACKAGE_BUGREPORT "gd@boutell.com"
| #define PACKAGE "gd"
| #define VERSION "2.0.33"
| #define STDC_HEADERS 1
| #define HAVE_SYS_TYPES_H 1
| #define HAVE_SYS_STAT_H 1
| #define HAVE_STDLIB_H 1
| #define HAVE_STRING_H 1
| #define HAVE_MEMORY_H 1
| #define HAVE_STRINGS_H 1
| #define HAVE_INTTYPES_H 1
| #define HAVE_STDINT_H 1
| #define HAVE_UNISTD_H 1
| /* end confdefs.h.  */
| #include <dlfcn.h>
configure:5329: result: no
configure:5364: checking for dlfcn.h
configure:5371: result: no
configure:5569: checking for ranlib
configure:5585: found /cygdrive/c/mingw/bin/ranlib
configure:5596: result: ranlib
configure:5649: checking for strip
configure:5665: found /cygdrive/c/mingw/bin/strip
configure:5676: result: strip
configure:5896: checking for objdir
configure:5907: result: .libs
configure:5924: checking for gcc option to produce PIC
configure:6070: result: -DDLL_EXPORT
configure:6074: checking if gcc PIC flag -DDLL_EXPORT works
configure:6097: gcc -c -g -O2 -DDLL_EXPORT -DPIC  conftest.c >&5
configure:6103: $? = 0
configure:6107: test -z 
			 || test ! -s conftest.err
configure:6110: $? = 0
configure:6113: test -s conftest.o
configure:6116: $? = 0
configure:6154: result: yes
configure:6170: checking if gcc static flag -static works
configure:6194: gcc -o conftest.exe -g -O2   -static conftest.c  >&5
configure:6200: $? = 0
configure:6204: test -z 
			 || test ! -s conftest.err
configure:6207: $? = 0
configure:6210: test -s conftest.exe
configure:6213: $? = 0
configure:6230: result: yes
configure:6242: checking if gcc supports -c -o file.o
configure:6265: gcc -c -g -O2 -o out/conftest2.o  conftest.c >&5

This application has requested the Runtime to terminate it in an unusual way.
Please contact the application's support team for more information.
configure:6286: result: no
configure:6369: checking if we can lock with hard links
configure:6377: result: yes
configure:6390: checking if gcc supports -fno-rtti -fno-exceptions
configure:6412: gcc -c -g -O2 -fno-rtti -fno-exceptions -c conftest.c  conftest.c >&5
cc1.exe: warning: command line option "-fno-rtti" is valid for C++/ObjC++ but not for C
cc1.exe: warning: command line option "-fno-rtti" is valid for C++/ObjC++ but not for C
configure:6418: $? = 0
configure:6422: test -z 
			 || test ! -s conftest.err
configure:6425: $? = 0
configure:6428: test -s conftest.o
configure:6431: $? = 0
configure:6448: result: no
configure:6459: checking whether the linker (c:/mingw/mingw32/bin/ld.exe) supports shared libraries
configure:7154: result: yes
configure:7159: checking how to hardcode library paths into programs
configure:7183: result: immediate
configure:7188: checking whether stripping libraries is possible
configure:7193: result: yes
configure:7204: checking dynamic linker characteristics
configure:7635: result: Win32 ld.exe
configure:7640: checking if libtool supports shared libraries
configure:7642: result: yes
configure:7645: checking whether to build shared libraries
configure:7666: result: yes
configure:7669: checking whether to build static libraries
configure:7673: result: yes
configure:9037: checking whether ln -s works
configure:9041: result: yes
configure:9048: checking whether make sets $(MAKE)
configure:9068: result: yes
configure:9118: checking for ranlib
configure:9145: result: ranlib
configure:9158: checking for X
configure:9263: gcc -E  conftest.c
conftest.c:21:27: X11/Intrinsic.h: No such file or directory
configure:9269: $? = 1
configure: failed program was:
| /* confdefs.h.  */
| 
| #define PACKAGE_NAME "GD"
| #define PACKAGE_TARNAME "gd"
| #define PACKAGE_VERSION "2.0.33"
| #define PACKAGE_STRING "GD 2.0.33"
| #define PACKAGE_BUGREPORT "gd@boutell.com"
| #define PACKAGE "gd"
| #define VERSION "2.0.33"
| #define STDC_HEADERS 1
| #define HAVE_SYS_TYPES_H 1
| #define HAVE_SYS_STAT_H 1
| #define HAVE_STDLIB_H 1
| #define HAVE_STRING_H 1
| #define HAVE_MEMORY_H 1
| #define HAVE_STRINGS_H 1
| #define HAVE_INTTYPES_H 1
| #define HAVE_STDINT_H 1
| #define HAVE_UNISTD_H 1
| /* end confdefs.h.  */
| #include <X11/Intrinsic.h>
configure:9319: gcc -o conftest.exe -g -O2   conftest.c -lXt  >&5
conftest.c:21:27: X11/Intrinsic.h: No such file or directory
configure:9325: $? = 1
configure: failed program was:
| /* confdefs.h.  */
| 
| #define PACKAGE_NAME "GD"
| #define PACKAGE_TARNAME "gd"
| #define PACKAGE_VERSION "2.0.33"
| #define PACKAGE_STRING "GD 2.0.33"
| #define PACKAGE_BUGREPORT "gd@boutell.com"
| #define PACKAGE "gd"
| #define VERSION "2.0.33"
| #define STDC_HEADERS 1
| #define HAVE_SYS_TYPES_H 1
| #define HAVE_SYS_STAT_H 1
| #define HAVE_STDLIB_H 1
| #define HAVE_STRING_H 1
| #define HAVE_MEMORY_H 1
| #define HAVE_STRINGS_H 1
| #define HAVE_INTTYPES_H 1
| #define HAVE_STDINT_H 1
| #define HAVE_UNISTD_H 1
| /* end confdefs.h.  */
| #include <X11/Intrinsic.h>
| int
| main ()
| {
| XtMalloc (0)
|   ;
|   return 0;
| }
configure:9378: result: no
configure:9400: checking for ANSI C header files
configure:9553: result: yes
configure:9582: checking errno.h usability
configure:9594: gcc -c -g -O2  conftest.c >&5
configure:9600: $? = 0
configure:9604: test -z 
			 || test ! -s conftest.err
configure:9607: $? = 0
configure:9610: test -s conftest.o
configure:9613: $? = 0
configure:9623: result: yes
configure:9627: checking errno.h presence
configure:9637: gcc -E  conftest.c
configure:9643: $? = 0
configure:9663: result: yes
configure:9698: checking for errno.h
configure:9705: result: yes
configure:9582: checking limits.h usability
configure:9594: gcc -c -g -O2  conftest.c >&5
configure:9600: $? = 0
configure:9604: test -z 
			 || test ! -s conftest.err
configure:9607: $? = 0
configure:9610: test -s conftest.o
configure:9613: $? = 0
configure:9623: result: yes
configure:9627: checking limits.h presence
configure:9637: gcc -E  conftest.c
configure:9643: $? = 0
configure:9663: result: yes
configure:9698: checking for limits.h
configure:9705: result: yes
configure:9582: checking stddef.h usability
configure:9594: gcc -c -g -O2  conftest.c >&5
configure:9600: $? = 0
configure:9604: test -z 
			 || test ! -s conftest.err
configure:9607: $? = 0
configure:9610: test -s conftest.o
configure:9613: $? = 0
configure:9623: result: yes
configure:9627: checking stddef.h presence
configure:9637: gcc -E  conftest.c
configure:9643: $? = 0
configure:9663: result: yes
configure:9698: checking for stddef.h
configure:9705: result: yes
configure:9573: checking for stdlib.h
configure:9578: result: yes
configure:9573: checking for string.h
configure:9578: result: yes
configure:9573: checking for unistd.h
configure:9578: result: yes
configure:9746: checking for ld used by GCC
configure:9809: result: c:/mingw/mingw32/bin/ld.exe
configure:9818: checking if the linker (c:/mingw/mingw32/bin/ld.exe) is GNU ld
GNU ld version 2.15.91 20040904
configure:9830: result: yes
configure:9836: checking for shared library run path origin
configure:9849: result: done
configure:10281: checking for iconv
configure:10308: gcc -o conftest.exe -g -O2   conftest.c  >&5
conftest.c:29:19: iconv.h: No such file or directory
conftest.c: In function `main':
conftest.c:33: error: `iconv_t' undeclared (first use in this function)
conftest.c:33: error: (Each undeclared identifier is reported only once
conftest.c:33: error: for each function it appears in.)
conftest.c:33: error: syntax error before "cd"
conftest.c:34: error: `cd' undeclared (first use in this function)
configure:10314: $? = 1
configure: failed program was:
| /* confdefs.h.  */
| 
| #define PACKAGE_NAME "GD"
| #define PACKAGE_TARNAME "gd"
| #define PACKAGE_VERSION "2.0.33"
| #define PACKAGE_STRING "GD 2.0.33"
| #define PACKAGE_BUGREPORT "gd@boutell.com"
| #define PACKAGE "gd"
| #define VERSION "2.0.33"
| #define STDC_HEADERS 1
| #define HAVE_SYS_TYPES_H 1
| #define HAVE_SYS_STAT_H 1
| #define HAVE_STDLIB_H 1
| #define HAVE_STRING_H 1
| #define HAVE_MEMORY_H 1
| #define HAVE_STRINGS_H 1
| #define HAVE_INTTYPES_H 1
| #define HAVE_STDINT_H 1
| #define HAVE_UNISTD_H 1
| #define STDC_HEADERS 1
| #define HAVE_ERRNO_H 1
| #define HAVE_LIMITS_H 1
| #define HAVE_STDDEF_H 1
| #define HAVE_STDLIB_H 1
| #define HAVE_STRING_H 1
| #define HAVE_UNISTD_H 1
| /* end confdefs.h.  */
| #include <stdlib.h>
| #include <iconv.h>
| int
| main ()
| {
| iconv_t cd = iconv_open("","");
|        iconv(cd,NULL,NULL,NULL,NULL);
|        iconv_close(cd);
|   ;
|   return 0;
| }
configure:10359: gcc -o conftest.exe -g -O2   conftest.c  -liconv >&5
conftest.c:29:19: iconv.h: No such file or directory
conftest.c: In function `main':
conftest.c:33: error: `iconv_t' undeclared (first use in this function)
conftest.c:33: error: (Each undeclared identifier is reported only once
conftest.c:33: error: for each function it appears in.)
conftest.c:33: error: syntax error before "cd"
conftest.c:34: error: `cd' undeclared (first use in this function)
configure:10365: $? = 1
configure: failed program was:
| /* confdefs.h.  */
| 
| #define PACKAGE_NAME "GD"
| #define PACKAGE_TARNAME "gd"
| #define PACKAGE_VERSION "2.0.33"
| #define PACKAGE_STRING "GD 2.0.33"
| #define PACKAGE_BUGREPORT "gd@boutell.com"
| #define PACKAGE "gd"
| #define VERSION "2.0.33"
| #define STDC_HEADERS 1
| #define HAVE_SYS_TYPES_H 1
| #define HAVE_SYS_STAT_H 1
| #define HAVE_STDLIB_H 1
| #define HAVE_STRING_H 1
| #define HAVE_MEMORY_H 1
| #define HAVE_STRINGS_H 1
| #define HAVE_INTTYPES_H 1
| #define HAVE_STDINT_H 1
| #define HAVE_UNISTD_H 1
| #define STDC_HEADERS 1
| #define HAVE_ERRNO_H 1
| #define HAVE_LIMITS_H 1
| #define HAVE_STDDEF_H 1
| #define HAVE_STDLIB_H 1
| #define HAVE_STRING_H 1
| #define HAVE_UNISTD_H 1
| /* end confdefs.h.  */
| #include <stdlib.h>
| #include <iconv.h>
| int
| main ()
| {
| iconv_t cd = iconv_open("","");
|          iconv(cd,NULL,NULL,NULL,NULL);
|          iconv_close(cd);
|   ;
|   return 0;
| }
configure:10393: result: no, consider installing GNU libiconv
configure:10512: checking iconv.h usability
configure:10524: gcc -c -g -O2  conftest.c >&5
conftest.c:62:19: iconv.h: No such file or directory
configure:10530: $? = 1
configure: failed program was:
| /* confdefs.h.  */
| 
| #define PACKAGE_NAME "GD"
| #define PACKAGE_TARNAME "gd"
| #define PACKAGE_VERSION "2.0.33"
| #define PACKAGE_STRING "GD 2.0.33"
| #define PACKAGE_BUGREPORT "gd@boutell.com"
| #define PACKAGE "gd"
| #define VERSION "2.0.33"
| #define STDC_HEADERS 1
| #define HAVE_SYS_TYPES_H 1
| #define HAVE_SYS_STAT_H 1
| #define HAVE_STDLIB_H 1
| #define HAVE_STRING_H 1
| #define HAVE_MEMORY_H 1
| #define HAVE_STRINGS_H 1
| #define HAVE_INTTYPES_H 1
| #define HAVE_STDINT_H 1
| #define HAVE_UNISTD_H 1
| #define STDC_HEADERS 1
| #define HAVE_ERRNO_H 1
| #define HAVE_LIMITS_H 1
| #define HAVE_STDDEF_H 1
| #define HAVE_STDLIB_H 1
| #define HAVE_STRING_H 1
| #define HAVE_UNISTD_H 1
| /* end confdefs.h.  */
| #include <stdio.h>
| #if HAVE_SYS_TYPES_H
| # include <sys/types.h>
| #endif
| #if HAVE_SYS_STAT_H
| # include <sys/stat.h>
| #endif
| #if STDC_HEADERS
| # include <stdlib.h>
| # include <stddef.h>
| #else
| # if HAVE_STDLIB_H
| #  include <stdlib.h>
| # endif
| #endif
| #if HAVE_STRING_H
| # if !STDC_HEADERS && HAVE_MEMORY_H
| #  include <memory.h>
| # endif
| # include <string.h>
| #endif
| #if HAVE_STRINGS_H
| # include <strings.h>
| #endif
| #if HAVE_INTTYPES_H
| # include <inttypes.h>
| #else
| # if HAVE_STDINT_H
| #  include <stdint.h>
| # endif
| #endif
| #if HAVE_UNISTD_H
| # include <unistd.h>
| #endif
| #include <iconv.h>
configure:10553: result: no
configure:10557: checking iconv.h presence
configure:10567: gcc -E  conftest.c
conftest.c:28:19: iconv.h: No such file or directory
configure:10573: $? = 1
configure: failed program was:
| /* confdefs.h.  */
| 
| #define PACKAGE_NAME "GD"
| #define PACKAGE_TARNAME "gd"
| #define PACKAGE_VERSION "2.0.33"
| #define PACKAGE_STRING "GD 2.0.33"
| #define PACKAGE_BUGREPORT "gd@boutell.com"
| #define PACKAGE "gd"
| #define VERSION "2.0.33"
| #define STDC_HEADERS 1
| #define HAVE_SYS_TYPES_H 1
| #define HAVE_SYS_STAT_H 1
| #define HAVE_STDLIB_H 1
| #define HAVE_STRING_H 1
| #define HAVE_MEMORY_H 1
| #define HAVE_STRINGS_H 1
| #define HAVE_INTTYPES_H 1
| #define HAVE_STDINT_H 1
| #define HAVE_UNISTD_H 1
| #define STDC_HEADERS 1
| #define HAVE_ERRNO_H 1
| #define HAVE_LIMITS_H 1
| #define HAVE_STDDEF_H 1
| #define HAVE_STDLIB_H 1
| #define HAVE_STRING_H 1
| #define HAVE_UNISTD_H 1
| /* end confdefs.h.  */
| #include <iconv.h>
configure:10593: result: no
configure:10628: checking for iconv.h
configure:10635: result: no
configure:10686: checking for sin
configure:10743: gcc -o conftest.exe -g -O2   conftest.c  >&5
conftest.c:52: warning: conflicting types for built-in function 'sin'
configure:10749: $? = 0
configure:10753: test -z 
			 || test ! -s conftest.err
configure:10756: $? = 0
configure:10759: test -s conftest.exe
configure:10762: $? = 0
configure:10774: result: yes
configure:10856: checking for deflate in -lz
configure:10886: gcc -o conftest.exe -g -O2   conftest.c -lz   >&5
c:\mingw\bin\..\lib\gcc\mingw32\3.4.2\..\..\..\..\mingw32\bin\ld.exe: cannot find -lz
collect2: ld returned 1 exit status
configure:10892: $? = 1
configure: failed program was:
| /* confdefs.h.  */
| 
| #define PACKAGE_NAME "GD"
| #define PACKAGE_TARNAME "gd"
| #define PACKAGE_VERSION "2.0.33"
| #define PACKAGE_STRING "GD 2.0.33"
| #define PACKAGE_BUGREPORT "gd@boutell.com"
| #define PACKAGE "gd"
| #define VERSION "2.0.33"
| #define STDC_HEADERS 1
| #define HAVE_SYS_TYPES_H 1
| #define HAVE_SYS_STAT_H 1
| #define HAVE_STDLIB_H 1
| #define HAVE_STRING_H 1
| #define HAVE_MEMORY_H 1
| #define HAVE_STRINGS_H 1
| #define HAVE_INTTYPES_H 1
| #define HAVE_STDINT_H 1
| #define HAVE_UNISTD_H 1
| #define STDC_HEADERS 1
| #define HAVE_ERRNO_H 1
| #define HAVE_LIMITS_H 1
| #define HAVE_STDDEF_H 1
| #define HAVE_STDLIB_H 1
| #define HAVE_STRING_H 1
| #define HAVE_UNISTD_H 1
| /* end confdefs.h.  */
| 
| /* Override any gcc2 internal prototype to avoid an error.  */
| #ifdef __cplusplus
| extern "C"
| #endif
| /* We use char because int might match the return type of a gcc2
|    builtin and then its argument prototype would still apply.  */
| char deflate ();
| int
| main ()
| {
| deflate ();
|   ;
|   return 0;
| }
configure:10918: result: no
configure:10928: WARNING: zlib is required - see http://www.gzip.org/zlib/
configure:10952: checking for libpng12-config
configure:10985: result: no
configure:10991: checking for libpng-config
configure:11024: result: no
configure:11057: checking png.h usability
configure:11069: gcc -c -g -O2  conftest.c >&5
conftest.c:62:17: png.h: No such file or directory
configure:11075: $? = 1
configure: failed program was:
| /* confdefs.h.  */
| 
| #define PACKAGE_NAME "GD"
| #define PACKAGE_TARNAME "gd"
| #define PACKAGE_VERSION "2.0.33"
| #define PACKAGE_STRING "GD 2.0.33"
| #define PACKAGE_BUGREPORT "gd@boutell.com"
| #define PACKAGE "gd"
| #define VERSION "2.0.33"
| #define STDC_HEADERS 1
| #define HAVE_SYS_TYPES_H 1
| #define HAVE_SYS_STAT_H 1
| #define HAVE_STDLIB_H 1
| #define HAVE_STRING_H 1
| #define HAVE_MEMORY_H 1
| #define HAVE_STRINGS_H 1
| #define HAVE_INTTYPES_H 1
| #define HAVE_STDINT_H 1
| #define HAVE_UNISTD_H 1
| #define STDC_HEADERS 1
| #define HAVE_ERRNO_H 1
| #define HAVE_LIMITS_H 1
| #define HAVE_STDDEF_H 1
| #define HAVE_STDLIB_H 1
| #define HAVE_STRING_H 1
| #define HAVE_UNISTD_H 1
| /* end confdefs.h.  */
| #include <stdio.h>
| #if HAVE_SYS_TYPES_H
| # include <sys/types.h>
| #endif
| #if HAVE_SYS_STAT_H
| # include <sys/stat.h>
| #endif
| #if STDC_HEADERS
| # include <stdlib.h>
| # include <stddef.h>
| #else
| # if HAVE_STDLIB_H
| #  include <stdlib.h>
| # endif
| #endif
| #if HAVE_STRING_H
| # if !STDC_HEADERS && HAVE_MEMORY_H
| #  include <memory.h>
| # endif
| # include <string.h>
| #endif
| #if HAVE_STRINGS_H
| # include <strings.h>
| #endif
| #if HAVE_INTTYPES_H
| # include <inttypes.h>
| #else
| # if HAVE_STDINT_H
| #  include <stdint.h>
| # endif
| #endif
| #if HAVE_UNISTD_H
| # include <unistd.h>
| #endif
| #include <png.h>
configure:11098: result: no
configure:11102: checking png.h presence
configure:11112: gcc -E  conftest.c
conftest.c:28:17: png.h: No such file or directory
configure:11118: $? = 1
configure: failed program was:
| /* confdefs.h.  */
| 
| #define PACKAGE_NAME "GD"
| #define PACKAGE_TARNAME "gd"
| #define PACKAGE_VERSION "2.0.33"
| #define PACKAGE_STRING "GD 2.0.33"
| #define PACKAGE_BUGREPORT "gd@boutell.com"
| #define PACKAGE "gd"
| #define VERSION "2.0.33"
| #define STDC_HEADERS 1
| #define HAVE_SYS_TYPES_H 1
| #define HAVE_SYS_STAT_H 1
| #define HAVE_STDLIB_H 1
| #define HAVE_STRING_H 1
| #define HAVE_MEMORY_H 1
| #define HAVE_STRINGS_H 1
| #define HAVE_INTTYPES_H 1
| #define HAVE_STDINT_H 1
| #define HAVE_UNISTD_H 1
| #define STDC_HEADERS 1
| #define HAVE_ERRNO_H 1
| #define HAVE_LIMITS_H 1
| #define HAVE_STDDEF_H 1
| #define HAVE_STDLIB_H 1
| #define HAVE_STRING_H 1
| #define HAVE_UNISTD_H 1
| /* end confdefs.h.  */
| #include <png.h>
configure:11138: result: no
configure:11173: checking for png.h
configure:11180: result: no
configure:11204: checking libpng/png.h usability
configure:11216: gcc -c -g -O2  conftest.c >&5
conftest.c:62:24: libpng/png.h: No such file or directory
configure:11222: $? = 1
configure: failed program was:
| /* confdefs.h.  */
| 
| #define PACKAGE_NAME "GD"
| #define PACKAGE_TARNAME "gd"
| #define PACKAGE_VERSION "2.0.33"
| #define PACKAGE_STRING "GD 2.0.33"
| #define PACKAGE_BUGREPORT "gd@boutell.com"
| #define PACKAGE "gd"
| #define VERSION "2.0.33"
| #define STDC_HEADERS 1
| #define HAVE_SYS_TYPES_H 1
| #define HAVE_SYS_STAT_H 1
| #define HAVE_STDLIB_H 1
| #define HAVE_STRING_H 1
| #define HAVE_MEMORY_H 1
| #define HAVE_STRINGS_H 1
| #define HAVE_INTTYPES_H 1
| #define HAVE_STDINT_H 1
| #define HAVE_UNISTD_H 1
| #define STDC_HEADERS 1
| #define HAVE_ERRNO_H 1
| #define HAVE_LIMITS_H 1
| #define HAVE_STDDEF_H 1
| #define HAVE_STDLIB_H 1
| #define HAVE_STRING_H 1
| #define HAVE_UNISTD_H 1
| /* end confdefs.h.  */
| #include <stdio.h>
| #if HAVE_SYS_TYPES_H
| # include <sys/types.h>
| #endif
| #if HAVE_SYS_STAT_H
| # include <sys/stat.h>
| #endif
| #if STDC_HEADERS
| # include <stdlib.h>
| # include <stddef.h>
| #else
| # if HAVE_STDLIB_H
| #  include <stdlib.h>
| # endif
| #endif
| #if HAVE_STRING_H
| # if !STDC_HEADERS && HAVE_MEMORY_H
| #  include <memory.h>
| # endif
| # include <string.h>
| #endif
| #if HAVE_STRINGS_H
| # include <strings.h>
| #endif
| #if HAVE_INTTYPES_H
| # include <inttypes.h>
| #else
| # if HAVE_STDINT_H
| #  include <stdint.h>
| # endif
| #endif
| #if HAVE_UNISTD_H
| # include <unistd.h>
| #endif
| #include <libpng/png.h>
configure:11245: result: no
configure:11249: checking libpng/png.h presence
configure:11259: gcc -E  conftest.c
conftest.c:28:24: libpng/png.h: No such file or directory
configure:11265: $? = 1
configure: failed program was:
| /* confdefs.h.  */
| 
| #define PACKAGE_NAME "GD"
| #define PACKAGE_TARNAME "gd"
| #define PACKAGE_VERSION "2.0.33"
| #define PACKAGE_STRING "GD 2.0.33"
| #define PACKAGE_BUGREPORT "gd@boutell.com"
| #define PACKAGE "gd"
| #define VERSION "2.0.33"
| #define STDC_HEADERS 1
| #define HAVE_SYS_TYPES_H 1
| #define HAVE_SYS_STAT_H 1
| #define HAVE_STDLIB_H 1
| #define HAVE_STRING_H 1
| #define HAVE_MEMORY_H 1
| #define HAVE_STRINGS_H 1
| #define HAVE_INTTYPES_H 1
| #define HAVE_STDINT_H 1
| #define HAVE_UNISTD_H 1
| #define STDC_HEADERS 1
| #define HAVE_ERRNO_H 1
| #define HAVE_LIMITS_H 1
| #define HAVE_STDDEF_H 1
| #define HAVE_STDLIB_H 1
| #define HAVE_STRING_H 1
| #define HAVE_UNISTD_H 1
| /* end confdefs.h.  */
| #include <libpng/png.h>
configure:11285: result: no
configure:11320: checking for libpng/png.h
configure:11327: result: no
configure:11509: checking for png_create_read_struct in -lpng
configure:11539: gcc -o conftest.exe -g -O2    conftest.c -lpng   >&5
c:\mingw\bin\..\lib\gcc\mingw32\3.4.2\..\..\..\..\mingw32\bin\ld.exe: cannot find -lpng
collect2: ld returned 1 exit status
configure:11545: $? = 1
configure: failed program was:
| /* confdefs.h.  */
| 
| #define PACKAGE_NAME "GD"
| #define PACKAGE_TARNAME "gd"
| #define PACKAGE_VERSION "2.0.33"
| #define PACKAGE_STRING "GD 2.0.33"
| #define PACKAGE_BUGREPORT "gd@boutell.com"
| #define PACKAGE "gd"
| #define VERSION "2.0.33"
| #define STDC_HEADERS 1
| #define HAVE_SYS_TYPES_H 1
| #define HAVE_SYS_STAT_H 1
| #define HAVE_STDLIB_H 1
| #define HAVE_STRING_H 1
| #define HAVE_MEMORY_H 1
| #define HAVE_STRINGS_H 1
| #define HAVE_INTTYPES_H 1
| #define HAVE_STDINT_H 1
| #define HAVE_UNISTD_H 1
| #define STDC_HEADERS 1
| #define HAVE_ERRNO_H 1
| #define HAVE_LIMITS_H 1
| #define HAVE_STDDEF_H 1
| #define HAVE_STDLIB_H 1
| #define HAVE_STRING_H 1
| #define HAVE_UNISTD_H 1
| /* end confdefs.h.  */
| 
| /* Override any gcc2 internal prototype to avoid an error.  */
| #ifdef __cplusplus
| extern "C"
| #endif
| /* We use char because int might match the return type of a gcc2
|    builtin and then its argument prototype would still apply.  */
| char png_create_read_struct ();
| int
| main ()
| {
| png_create_read_struct ();
|   ;
|   return 0;
| }
configure:11571: result: no
configure:11583: WARNING: libpng is required - see http://www.libpng.org/pub/png/
configure:11657: checking for freetype-config
configure:11675: found /usr/bin/freetype-config
configure:11687: result: /usr/bin/freetype-config
configure:11719: checking for FT_Init_FreeType in -lfreetype
configure:11749: gcc -o conftest.exe -g -O2 -I/usr/include/freetype2    conftest.c -lfreetype   >&5
c:\mingw\bin\..\lib\gcc\mingw32\3.4.2\..\..\..\..\mingw32\bin\ld.exe: cannot find -lfreetype
collect2: ld returned 1 exit status
configure:11755: $? = 1
configure: failed program was:
| /* confdefs.h.  */
| 
| #define PACKAGE_NAME "GD"
| #define PACKAGE_TARNAME "gd"
| #define PACKAGE_VERSION "2.0.33"
| #define PACKAGE_STRING "GD 2.0.33"
| #define PACKAGE_BUGREPORT "gd@boutell.com"
| #define PACKAGE "gd"
| #define VERSION "2.0.33"
| #define STDC_HEADERS 1
| #define HAVE_SYS_TYPES_H 1
| #define HAVE_SYS_STAT_H 1
| #define HAVE_STDLIB_H 1
| #define HAVE_STRING_H 1
| #define HAVE_MEMORY_H 1
| #define HAVE_STRINGS_H 1
| #define HAVE_INTTYPES_H 1
| #define HAVE_STDINT_H 1
| #define HAVE_UNISTD_H 1
| #define STDC_HEADERS 1
| #define HAVE_ERRNO_H 1
| #define HAVE_LIMITS_H 1
| #define HAVE_STDDEF_H 1
| #define HAVE_STDLIB_H 1
| #define HAVE_STRING_H 1
| #define HAVE_UNISTD_H 1
| /* end confdefs.h.  */
| 
| /* Override any gcc2 internal prototype to avoid an error.  */
| #ifdef __cplusplus
| extern "C"
| #endif
| /* We use char because int might match the return type of a gcc2
|    builtin and then its argument prototype would still apply.  */
| char FT_Init_FreeType ();
| int
| main ()
| {
| FT_Init_FreeType ();
|   ;
|   return 0;
| }
configure:11781: result: no
configure:11793: WARNING: not found - disabling freetype support
configure:11814: checking ft2build.h usability
configure:11826: gcc -c -g -O2 -I/usr/include/freetype2  conftest.c >&5
conftest.c:62:22: ft2build.h: No such file or directory
configure:11832: $? = 1
configure: failed program was:
| /* confdefs.h.  */
| 
| #define PACKAGE_NAME "GD"
| #define PACKAGE_TARNAME "gd"
| #define PACKAGE_VERSION "2.0.33"
| #define PACKAGE_STRING "GD 2.0.33"
| #define PACKAGE_BUGREPORT "gd@boutell.com"
| #define PACKAGE "gd"
| #define VERSION "2.0.33"
| #define STDC_HEADERS 1
| #define HAVE_SYS_TYPES_H 1
| #define HAVE_SYS_STAT_H 1
| #define HAVE_STDLIB_H 1
| #define HAVE_STRING_H 1
| #define HAVE_MEMORY_H 1
| #define HAVE_STRINGS_H 1
| #define HAVE_INTTYPES_H 1
| #define HAVE_STDINT_H 1
| #define HAVE_UNISTD_H 1
| #define STDC_HEADERS 1
| #define HAVE_ERRNO_H 1
| #define HAVE_LIMITS_H 1
| #define HAVE_STDDEF_H 1
| #define HAVE_STDLIB_H 1
| #define HAVE_STRING_H 1
| #define HAVE_UNISTD_H 1
| /* end confdefs.h.  */
| #include <stdio.h>
| #if HAVE_SYS_TYPES_H
| # include <sys/types.h>
| #endif
| #if HAVE_SYS_STAT_H
| # include <sys/stat.h>
| #endif
| #if STDC_HEADERS
| # include <stdlib.h>
| # include <stddef.h>
| #else
| # if HAVE_STDLIB_H
| #  include <stdlib.h>
| # endif
| #endif
| #if HAVE_STRING_H
| # if !STDC_HEADERS && HAVE_MEMORY_H
| #  include <memory.h>
| # endif
| # include <string.h>
| #endif
| #if HAVE_STRINGS_H
| # include <strings.h>
| #endif
| #if HAVE_INTTYPES_H
| # include <inttypes.h>
| #else
| # if HAVE_STDINT_H
| #  include <stdint.h>
| # endif
| #endif
| #if HAVE_UNISTD_H
| # include <unistd.h>
| #endif
| #include <ft2build.h>
configure:11855: result: no
configure:11859: checking ft2build.h presence
configure:11869: gcc -E -I/usr/include/freetype2  conftest.c
conftest.c:28:22: ft2build.h: No such file or directory
configure:11875: $? = 1
configure: failed program was:
| /* confdefs.h.  */
| 
| #define PACKAGE_NAME "GD"
| #define PACKAGE_TARNAME "gd"
| #define PACKAGE_VERSION "2.0.33"
| #define PACKAGE_STRING "GD 2.0.33"
| #define PACKAGE_BUGREPORT "gd@boutell.com"
| #define PACKAGE "gd"
| #define VERSION "2.0.33"
| #define STDC_HEADERS 1
| #define HAVE_SYS_TYPES_H 1
| #define HAVE_SYS_STAT_H 1
| #define HAVE_STDLIB_H 1
| #define HAVE_STRING_H 1
| #define HAVE_MEMORY_H 1
| #define HAVE_STRINGS_H 1
| #define HAVE_INTTYPES_H 1
| #define HAVE_STDINT_H 1
| #define HAVE_UNISTD_H 1
| #define STDC_HEADERS 1
| #define HAVE_ERRNO_H 1
| #define HAVE_LIMITS_H 1
| #define HAVE_STDDEF_H 1
| #define HAVE_STDLIB_H 1
| #define HAVE_STRING_H 1
| #define HAVE_UNISTD_H 1
| /* end confdefs.h.  */
| #include <ft2build.h>
configure:11895: result: no
configure:11930: checking for ft2build.h
configure:11937: result: no
configure:11947: result: no
configure:11974: checking for FcInit in -lfontconfig
configure:12004: gcc -o conftest.exe -g -O2   conftest.c -lfontconfig   >&5
c:\mingw\bin\..\lib\gcc\mingw32\3.4.2\..\..\..\..\mingw32\bin\ld.exe: cannot find -lfontconfig
collect2: ld returned 1 exit status
configure:12010: $? = 1
configure: failed program was:
| /* confdefs.h.  */
| 
| #define PACKAGE_NAME "GD"
| #define PACKAGE_TARNAME "gd"
| #define PACKAGE_VERSION "2.0.33"
| #define PACKAGE_STRING "GD 2.0.33"
| #define PACKAGE_BUGREPORT "gd@boutell.com"
| #define PACKAGE "gd"
| #define VERSION "2.0.33"
| #define STDC_HEADERS 1
| #define HAVE_SYS_TYPES_H 1
| #define HAVE_SYS_STAT_H 1
| #define HAVE_STDLIB_H 1
| #define HAVE_STRING_H 1
| #define HAVE_MEMORY_H 1
| #define HAVE_STRINGS_H 1
| #define HAVE_INTTYPES_H 1
| #define HAVE_STDINT_H 1
| #define HAVE_UNISTD_H 1
| #define STDC_HEADERS 1
| #define HAVE_ERRNO_H 1
| #define HAVE_LIMITS_H 1
| #define HAVE_STDDEF_H 1
| #define HAVE_STDLIB_H 1
| #define HAVE_STRING_H 1
| #define HAVE_UNISTD_H 1
| /* end confdefs.h.  */
| 
| /* Override any gcc2 internal prototype to avoid an error.  */
| #ifdef __cplusplus
| extern "C"
| #endif
| /* We use char because int might match the return type of a gcc2
|    builtin and then its argument prototype would still apply.  */
| char FcInit ();
| int
| main ()
| {
| FcInit ();
|   ;
|   return 0;
| }
configure:12036: result: no
configure:12065: checking for jpeg_set_defaults in -ljpeg
configure:12095: gcc -o conftest.exe -g -O2   conftest.c -ljpeg   >&5
c:\mingw\bin\..\lib\gcc\mingw32\3.4.2\..\..\..\..\mingw32\bin\ld.exe: cannot find -ljpeg
collect2: ld returned 1 exit status
configure:12101: $? = 1
configure: failed program was:
| /* confdefs.h.  */
| 
| #define PACKAGE_NAME "GD"
| #define PACKAGE_TARNAME "gd"
| #define PACKAGE_VERSION "2.0.33"
| #define PACKAGE_STRING "GD 2.0.33"
| #define PACKAGE_BUGREPORT "gd@boutell.com"
| #define PACKAGE "gd"
| #define VERSION "2.0.33"
| #define STDC_HEADERS 1
| #define HAVE_SYS_TYPES_H 1
| #define HAVE_SYS_STAT_H 1
| #define HAVE_STDLIB_H 1
| #define HAVE_STRING_H 1
| #define HAVE_MEMORY_H 1
| #define HAVE_STRINGS_H 1
| #define HAVE_INTTYPES_H 1
| #define HAVE_STDINT_H 1
| #define HAVE_UNISTD_H 1
| #define STDC_HEADERS 1
| #define HAVE_ERRNO_H 1
| #define HAVE_LIMITS_H 1
| #define HAVE_STDDEF_H 1
| #define HAVE_STDLIB_H 1
| #define HAVE_STRING_H 1
| #define HAVE_UNISTD_H 1
| /* end confdefs.h.  */
| 
| /* Override any gcc2 internal prototype to avoid an error.  */
| #ifdef __cplusplus
| extern "C"
| #endif
| /* We use char because int might match the return type of a gcc2
|    builtin and then its argument prototype would still apply.  */
| char jpeg_set_defaults ();
| int
| main ()
| {
| jpeg_set_defaults ();
|   ;
|   return 0;
| }
configure:12127: result: no
configure:12156: checking for XpmReadFileToXpmImage in -lXpm
configure:12186: gcc -o conftest.exe -g -O2   conftest.c -lXpm -lX11  >&5
c:\mingw\bin\..\lib\gcc\mingw32\3.4.2\..\..\..\..\mingw32\bin\ld.exe: cannot find -lXpm
collect2: ld returned 1 exit status
configure:12192: $? = 1
configure: failed program was:
| /* confdefs.h.  */
| 
| #define PACKAGE_NAME "GD"
| #define PACKAGE_TARNAME "gd"
| #define PACKAGE_VERSION "2.0.33"
| #define PACKAGE_STRING "GD 2.0.33"
| #define PACKAGE_BUGREPORT "gd@boutell.com"
| #define PACKAGE "gd"
| #define VERSION "2.0.33"
| #define STDC_HEADERS 1
| #define HAVE_SYS_TYPES_H 1
| #define HAVE_SYS_STAT_H 1
| #define HAVE_STDLIB_H 1
| #define HAVE_STRING_H 1
| #define HAVE_MEMORY_H 1
| #define HAVE_STRINGS_H 1
| #define HAVE_INTTYPES_H 1
| #define HAVE_STDINT_H 1
| #define HAVE_UNISTD_H 1
| #define STDC_HEADERS 1
| #define HAVE_ERRNO_H 1
| #define HAVE_LIMITS_H 1
| #define HAVE_STDDEF_H 1
| #define HAVE_STDLIB_H 1
| #define HAVE_STRING_H 1
| #define HAVE_UNISTD_H 1
| /* end confdefs.h.  */
| 
| /* Override any gcc2 internal prototype to avoid an error.  */
| #ifdef __cplusplus
| extern "C"
| #endif
| /* We use char because int might match the return type of a gcc2
|    builtin and then its argument prototype would still apply.  */
| char XpmReadFileToXpmImage ();
| int
| main ()
| {
| XpmReadFileToXpmImage ();
|   ;
|   return 0;
| }
configure:12218: result: no
configure:12382: checking for the pthreads library -lpthreads
configure:12420: gcc -o conftest.exe -g -O2    conftest.c -lpthreads  >&5
conftest.c:28:21: pthread.h: No such file or directory
conftest.c: In function `main':
conftest.c:32: error: `pthread_t' undeclared (first use in this function)
conftest.c:32: error: (Each undeclared identifier is reported only once
conftest.c:32: error: for each function it appears in.)
conftest.c:32: error: syntax error before "th"
conftest.c:32: error: `th' undeclared (first use in this function)
configure:12426: $? = 1
configure: failed program was:
| /* confdefs.h.  */
| 
| #define PACKAGE_NAME "GD"
| #define PACKAGE_TARNAME "gd"
| #define PACKAGE_VERSION "2.0.33"
| #define PACKAGE_STRING "GD 2.0.33"
| #define PACKAGE_BUGREPORT "gd@boutell.com"
| #define PACKAGE "gd"
| #define VERSION "2.0.33"
| #define STDC_HEADERS 1
| #define HAVE_SYS_TYPES_H 1
| #define HAVE_SYS_STAT_H 1
| #define HAVE_STDLIB_H 1
| #define HAVE_STRING_H 1
| #define HAVE_MEMORY_H 1
| #define HAVE_STRINGS_H 1
| #define HAVE_INTTYPES_H 1
| #define HAVE_STDINT_H 1
| #define HAVE_UNISTD_H 1
| #define STDC_HEADERS 1
| #define HAVE_ERRNO_H 1
| #define HAVE_LIMITS_H 1
| #define HAVE_STDDEF_H 1
| #define HAVE_STDLIB_H 1
| #define HAVE_STRING_H 1
| #define HAVE_UNISTD_H 1
| /* end confdefs.h.  */
| #include <pthread.h>
| int
| main ()
| {
| pthread_t th; pthread_join(th, 0);
|                      pthread_attr_init(0); pthread_cleanup_push(0, 0);
|                      pthread_create(0,0,0,0); pthread_cleanup_pop(0);
|   ;
|   return 0;
| }
configure:12453: result: no
configure:12371: checking whether pthreads work without any flags
configure:12420: gcc -o conftest.exe -g -O2    conftest.c   >&5
conftest.c:28:21: pthread.h: No such file or directory
conftest.c: In function `main':
conftest.c:32: error: `pthread_t' undeclared (first use in this function)
conftest.c:32: error: (Each undeclared identifier is reported only once
conftest.c:32: error: for each function it appears in.)
conftest.c:32: error: syntax error before "th"
conftest.c:32: error: `th' undeclared (first use in this function)
configure:12426: $? = 1
configure: failed program was:
| /* confdefs.h.  */
| 
| #define PACKAGE_NAME "GD"
| #define PACKAGE_TARNAME "gd"
| #define PACKAGE_VERSION "2.0.33"
| #define PACKAGE_STRING "GD 2.0.33"
| #define PACKAGE_BUGREPORT "gd@boutell.com"
| #define PACKAGE "gd"
| #define VERSION "2.0.33"
| #define STDC_HEADERS 1
| #define HAVE_SYS_TYPES_H 1
| #define HAVE_SYS_STAT_H 1
| #define HAVE_STDLIB_H 1
| #define HAVE_STRING_H 1
| #define HAVE_MEMORY_H 1
| #define HAVE_STRINGS_H 1
| #define HAVE_INTTYPES_H 1
| #define HAVE_STDINT_H 1
| #define HAVE_UNISTD_H 1
| #define STDC_HEADERS 1
| #define HAVE_ERRNO_H 1
| #define HAVE_LIMITS_H 1
| #define HAVE_STDDEF_H 1
| #define HAVE_STDLIB_H 1
| #define HAVE_STRING_H 1
| #define HAVE_UNISTD_H 1
| /* end confdefs.h.  */
| #include <pthread.h>
| int
| main ()
| {
| pthread_t th; pthread_join(th, 0);
|                      pthread_attr_init(0); pthread_cleanup_push(0, 0);
|                      pthread_create(0,0,0,0); pthread_cleanup_pop(0);
|   ;
|   return 0;
| }
configure:12453: result: no
configure:12376: checking whether pthreads work with -Kthread
configure:12420: gcc -o conftest.exe -g -O2 -Kthread   conftest.c   >&5
conftest.c:28:21: pthread.h: No such file or directory
conftest.c: In function `main':
conftest.c:32: error: `pthread_t' undeclared (first use in this function)
conftest.c:32: error: (Each undeclared identifier is reported only once
conftest.c:32: error: for each function it appears in.)
conftest.c:32: error: syntax error before "th"
conftest.c:32: error: `th' undeclared (first use in this function)
gcc.exe: unrecognized option `-Kthread'
configure:12426: $? = 1
configure: failed program was:
| /* confdefs.h.  */
| 
| #define PACKAGE_NAME "GD"
| #define PACKAGE_TARNAME "gd"
| #define PACKAGE_VERSION "2.0.33"
| #define PACKAGE_STRING "GD 2.0.33"
| #define PACKAGE_BUGREPORT "gd@boutell.com"
| #define PACKAGE "gd"
| #define VERSION "2.0.33"
| #define STDC_HEADERS 1
| #define HAVE_SYS_TYPES_H 1
| #define HAVE_SYS_STAT_H 1
| #define HAVE_STDLIB_H 1
| #define HAVE_STRING_H 1
| #define HAVE_MEMORY_H 1
| #define HAVE_STRINGS_H 1
| #define HAVE_INTTYPES_H 1
| #define HAVE_STDINT_H 1
| #define HAVE_UNISTD_H 1
| #define STDC_HEADERS 1
| #define HAVE_ERRNO_H 1
| #define HAVE_LIMITS_H 1
| #define HAVE_STDDEF_H 1
| #define HAVE_STDLIB_H 1
| #define HAVE_STRING_H 1
| #define HAVE_UNISTD_H 1
| /* end confdefs.h.  */
| #include <pthread.h>
| int
| main ()
| {
| pthread_t th; pthread_join(th, 0);
|                      pthread_attr_init(0); pthread_cleanup_push(0, 0);
|                      pthread_create(0,0,0,0); pthread_cleanup_pop(0);
|   ;
|   return 0;
| }
configure:12453: result: no
configure:12376: checking whether pthreads work with -kthread
configure:12420: gcc -o conftest.exe -g -O2 -kthread   conftest.c   >&5
conftest.c:28:21: pthread.h: No such file or directory
conftest.c: In function `main':
conftest.c:32: error: `pthread_t' undeclared (first use in this function)
conftest.c:32: error: (Each undeclared identifier is reported only once
conftest.c:32: error: for each function it appears in.)
conftest.c:32: error: syntax error before "th"
conftest.c:32: error: `th' undeclared (first use in this function)
gcc.exe: unrecognized option `-kthread'
configure:12426: $? = 1
configure: failed program was:
| /* confdefs.h.  */
| 
| #define PACKAGE_NAME "GD"
| #define PACKAGE_TARNAME "gd"
| #define PACKAGE_VERSION "2.0.33"
| #define PACKAGE_STRING "GD 2.0.33"
| #define PACKAGE_BUGREPORT "gd@boutell.com"
| #define PACKAGE "gd"
| #define VERSION "2.0.33"
| #define STDC_HEADERS 1
| #define HAVE_SYS_TYPES_H 1
| #define HAVE_SYS_STAT_H 1
| #define HAVE_STDLIB_H 1
| #define HAVE_STRING_H 1
| #define HAVE_MEMORY_H 1
| #define HAVE_STRINGS_H 1
| #define HAVE_INTTYPES_H 1
| #define HAVE_STDINT_H 1
| #define HAVE_UNISTD_H 1
| #define STDC_HEADERS 1
| #define HAVE_ERRNO_H 1
| #define HAVE_LIMITS_H 1
| #define HAVE_STDDEF_H 1
| #define HAVE_STDLIB_H 1
| #define HAVE_STRING_H 1
| #define HAVE_UNISTD_H 1
| /* end confdefs.h.  */
| #include <pthread.h>
| int
| main ()
| {
| pthread_t th; pthread_join(th, 0);
|                      pthread_attr_init(0); pthread_cleanup_push(0, 0);
|                      pthread_create(0,0,0,0); pthread_cleanup_pop(0);
|   ;
|   return 0;
| }
configure:12453: result: no
configure:12382: checking for the pthreads library -llthread
configure:12420: gcc -o conftest.exe -g -O2    conftest.c -llthread  >&5
conftest.c:28:21: pthread.h: No such file or directory
conftest.c: In function `main':
conftest.c:32: error: `pthread_t' undeclared (first use in this function)
conftest.c:32: error: (Each undeclared identifier is reported only once
conftest.c:32: error: for each function it appears in.)
conftest.c:32: error: syntax error before "th"
conftest.c:32: error: `th' undeclared (first use in this function)
configure:12426: $? = 1
configure: failed program was:
| /* confdefs.h.  */
| 
| #define PACKAGE_NAME "GD"
| #define PACKAGE_TARNAME "gd"
| #define PACKAGE_VERSION "2.0.33"
| #define PACKAGE_STRING "GD 2.0.33"
| #define PACKAGE_BUGREPORT "gd@boutell.com"
| #define PACKAGE "gd"
| #define VERSION "2.0.33"
| #define STDC_HEADERS 1
| #define HAVE_SYS_TYPES_H 1
| #define HAVE_SYS_STAT_H 1
| #define HAVE_STDLIB_H 1
| #define HAVE_STRING_H 1
| #define HAVE_MEMORY_H 1
| #define HAVE_STRINGS_H 1
| #define HAVE_INTTYPES_H 1
| #define HAVE_STDINT_H 1
| #define HAVE_UNISTD_H 1
| #define STDC_HEADERS 1
| #define HAVE_ERRNO_H 1
| #define HAVE_LIMITS_H 1
| #define HAVE_STDDEF_H 1
| #define HAVE_STDLIB_H 1
| #define HAVE_STRING_H 1
| #define HAVE_UNISTD_H 1
| /* end confdefs.h.  */
| #include <pthread.h>
| int
| main ()
| {
| pthread_t th; pthread_join(th, 0);
|                      pthread_attr_init(0); pthread_cleanup_push(0, 0);
|                      pthread_create(0,0,0,0); pthread_cleanup_pop(0);
|   ;
|   return 0;
| }
configure:12453: result: no
configure:12376: checking whether pthreads work with -pthread
configure:12420: gcc -o conftest.exe -g -O2 -pthread   conftest.c   >&5
conftest.c:28:21: pthread.h: No such file or directory
conftest.c: In function `main':
conftest.c:32: error: `pthread_t' undeclared (first use in this function)
conftest.c:32: error: (Each undeclared identifier is reported only once
conftest.c:32: error: for each function it appears in.)
conftest.c:32: error: syntax error before "th"
conftest.c:32: error: `th' undeclared (first use in this function)
gcc.exe: unrecognized option `-pthread'
configure:12426: $? = 1
configure: failed program was:
| /* confdefs.h.  */
| 
| #define PACKAGE_NAME "GD"
| #define PACKAGE_TARNAME "gd"
| #define PACKAGE_VERSION "2.0.33"
| #define PACKAGE_STRING "GD 2.0.33"
| #define PACKAGE_BUGREPORT "gd@boutell.com"
| #define PACKAGE "gd"
| #define VERSION "2.0.33"
| #define STDC_HEADERS 1
| #define HAVE_SYS_TYPES_H 1
| #define HAVE_SYS_STAT_H 1
| #define HAVE_STDLIB_H 1
| #define HAVE_STRING_H 1
| #define HAVE_MEMORY_H 1
| #define HAVE_STRINGS_H 1
| #define HAVE_INTTYPES_H 1
| #define HAVE_STDINT_H 1
| #define HAVE_UNISTD_H 1
| #define STDC_HEADERS 1
| #define HAVE_ERRNO_H 1
| #define HAVE_LIMITS_H 1
| #define HAVE_STDDEF_H 1
| #define HAVE_STDLIB_H 1
| #define HAVE_STRING_H 1
| #define HAVE_UNISTD_H 1
| /* end confdefs.h.  */
| #include <pthread.h>
| int
| main ()
| {
| pthread_t th; pthread_join(th, 0);
|                      pthread_attr_init(0); pthread_cleanup_push(0, 0);
|                      pthread_create(0,0,0,0); pthread_cleanup_pop(0);
|   ;
|   return 0;
| }
configure:12453: result: no
configure:12376: checking whether pthreads work with -pthreads
configure:12420: gcc -o conftest.exe -g -O2 -pthreads   conftest.c   >&5
conftest.c:28:21: pthread.h: No such file or directory
conftest.c: In function `main':
conftest.c:32: error: `pthread_t' undeclared (first use in this function)
conftest.c:32: error: (Each undeclared identifier is reported only once
conftest.c:32: error: for each function it appears in.)
conftest.c:32: error: syntax error before "th"
conftest.c:32: error: `th' undeclared (first use in this function)
gcc.exe: unrecognized option `-pthreads'
configure:12426: $? = 1
configure: failed program was:
| /* confdefs.h.  */
| 
| #define PACKAGE_NAME "GD"
| #define PACKAGE_TARNAME "gd"
| #define PACKAGE_VERSION "2.0.33"
| #define PACKAGE_STRING "GD 2.0.33"
| #define PACKAGE_BUGREPORT "gd@boutell.com"
| #define PACKAGE "gd"
| #define VERSION "2.0.33"
| #define STDC_HEADERS 1
| #define HAVE_SYS_TYPES_H 1
| #define HAVE_SYS_STAT_H 1
| #define HAVE_STDLIB_H 1
| #define HAVE_STRING_H 1
| #define HAVE_MEMORY_H 1
| #define HAVE_STRINGS_H 1
| #define HAVE_INTTYPES_H 1
| #define HAVE_STDINT_H 1
| #define HAVE_UNISTD_H 1
| #define STDC_HEADERS 1
| #define HAVE_ERRNO_H 1
| #define HAVE_LIMITS_H 1
| #define HAVE_STDDEF_H 1
| #define HAVE_STDLIB_H 1
| #define HAVE_STRING_H 1
| #define HAVE_UNISTD_H 1
| /* end confdefs.h.  */
| #include <pthread.h>
| int
| main ()
| {
| pthread_t th; pthread_join(th, 0);
|                      pthread_attr_init(0); pthread_cleanup_push(0, 0);
|                      pthread_create(0,0,0,0); pthread_cleanup_pop(0);
|   ;
|   return 0;
| }
configure:12453: result: no
configure:12376: checking whether pthreads work with -mthreads
configure:12420: gcc -o conftest.exe -g -O2 -mthreads   conftest.c   >&5
conftest.c:28:21: pthread.h: No such file or directory
conftest.c: In function `main':
conftest.c:32: error: `pthread_t' undeclared (first use in this function)
conftest.c:32: error: (Each undeclared identifier is reported only once
conftest.c:32: error: for each function it appears in.)
conftest.c:32: error: syntax error before "th"
conftest.c:32: error: `th' undeclared (first use in this function)
configure:12426: $? = 1
configure: failed program was:
| /* confdefs.h.  */
| 
| #define PACKAGE_NAME "GD"
| #define PACKAGE_TARNAME "gd"
| #define PACKAGE_VERSION "2.0.33"
| #define PACKAGE_STRING "GD 2.0.33"
| #define PACKAGE_BUGREPORT "gd@boutell.com"
| #define PACKAGE "gd"
| #define VERSION "2.0.33"
| #define STDC_HEADERS 1
| #define HAVE_SYS_TYPES_H 1
| #define HAVE_SYS_STAT_H 1
| #define HAVE_STDLIB_H 1
| #define HAVE_STRING_H 1
| #define HAVE_MEMORY_H 1
| #define HAVE_STRINGS_H 1
| #define HAVE_INTTYPES_H 1
| #define HAVE_STDINT_H 1
| #define HAVE_UNISTD_H 1
| #define STDC_HEADERS 1
| #define HAVE_ERRNO_H 1
| #define HAVE_LIMITS_H 1
| #define HAVE_STDDEF_H 1
| #define HAVE_STDLIB_H 1
| #define HAVE_STRING_H 1
| #define HAVE_UNISTD_H 1
| /* end confdefs.h.  */
| #include <pthread.h>
| int
| main ()
| {
| pthread_t th; pthread_join(th, 0);
|                      pthread_attr_init(0); pthread_cleanup_push(0, 0);
|                      pthread_create(0,0,0,0); pthread_cleanup_pop(0);
|   ;
|   return 0;
| }
configure:12453: result: no
configure:12382: checking for the pthreads library -lpthread
configure:12420: gcc -o conftest.exe -g -O2    conftest.c -lpthread  >&5
conftest.c:28:21: pthread.h: No such file or directory
conftest.c: In function `main':
conftest.c:32: error: `pthread_t' undeclared (first use in this function)
conftest.c:32: error: (Each undeclared identifier is reported only once
conftest.c:32: error: for each function it appears in.)
conftest.c:32: error: syntax error before "th"
conftest.c:32: error: `th' undeclared (first use in this function)
configure:12426: $? = 1
configure: failed program was:
| /* confdefs.h.  */
| 
| #define PACKAGE_NAME "GD"
| #define PACKAGE_TARNAME "gd"
| #define PACKAGE_VERSION "2.0.33"
| #define PACKAGE_STRING "GD 2.0.33"
| #define PACKAGE_BUGREPORT "gd@boutell.com"
| #define PACKAGE "gd"
| #define VERSION "2.0.33"
| #define STDC_HEADERS 1
| #define HAVE_SYS_TYPES_H 1
| #define HAVE_SYS_STAT_H 1
| #define HAVE_STDLIB_H 1
| #define HAVE_STRING_H 1
| #define HAVE_MEMORY_H 1
| #define HAVE_STRINGS_H 1
| #define HAVE_INTTYPES_H 1
| #define HAVE_STDINT_H 1
| #define HAVE_UNISTD_H 1
| #define STDC_HEADERS 1
| #define HAVE_ERRNO_H 1
| #define HAVE_LIMITS_H 1
| #define HAVE_STDDEF_H 1
| #define HAVE_STDLIB_H 1
| #define HAVE_STRING_H 1
| #define HAVE_UNISTD_H 1
| /* end confdefs.h.  */
| #include <pthread.h>
| int
| main ()
| {
| pthread_t th; pthread_join(th, 0);
|                      pthread_attr_init(0); pthread_cleanup_push(0, 0);
|                      pthread_create(0,0,0,0); pthread_cleanup_pop(0);
|   ;
|   return 0;
| }
configure:12453: result: no
configure:12376: checking whether pthreads work with --thread-safe
configure:12420: gcc -o conftest.exe -g -O2 --thread-safe   conftest.c   >&5
cc1.exe: error: unrecognized command line option "-fthread-safe"
configure:12426: $? = 1
configure: failed program was:
| /* confdefs.h.  */
| 
| #define PACKAGE_NAME "GD"
| #define PACKAGE_TARNAME "gd"
| #define PACKAGE_VERSION "2.0.33"
| #define PACKAGE_STRING "GD 2.0.33"
| #define PACKAGE_BUGREPORT "gd@boutell.com"
| #define PACKAGE "gd"
| #define VERSION "2.0.33"
| #define STDC_HEADERS 1
| #define HAVE_SYS_TYPES_H 1
| #define HAVE_SYS_STAT_H 1
| #define HAVE_STDLIB_H 1
| #define HAVE_STRING_H 1
| #define HAVE_MEMORY_H 1
| #define HAVE_STRINGS_H 1
| #define HAVE_INTTYPES_H 1
| #define HAVE_STDINT_H 1
| #define HAVE_UNISTD_H 1
| #define STDC_HEADERS 1
| #define HAVE_ERRNO_H 1
| #define HAVE_LIMITS_H 1
| #define HAVE_STDDEF_H 1
| #define HAVE_STDLIB_H 1
| #define HAVE_STRING_H 1
| #define HAVE_UNISTD_H 1
| /* end confdefs.h.  */
| #include <pthread.h>
| int
| main ()
| {
| pthread_t th; pthread_join(th, 0);
|                      pthread_attr_init(0); pthread_cleanup_push(0, 0);
|                      pthread_create(0,0,0,0); pthread_cleanup_pop(0);
|   ;
|   return 0;
| }
configure:12453: result: no
configure:12376: checking whether pthreads work with -mt
configure:12420: gcc -o conftest.exe -g -O2 -mt   conftest.c   >&5
cc1.exe: error: invalid option `t'
configure:12426: $? = 1
configure: failed program was:
| /* confdefs.h.  */
| 
| #define PACKAGE_NAME "GD"
| #define PACKAGE_TARNAME "gd"
| #define PACKAGE_VERSION "2.0.33"
| #define PACKAGE_STRING "GD 2.0.33"
| #define PACKAGE_BUGREPORT "gd@boutell.com"
| #define PACKAGE "gd"
| #define VERSION "2.0.33"
| #define STDC_HEADERS 1
| #define HAVE_SYS_TYPES_H 1
| #define HAVE_SYS_STAT_H 1
| #define HAVE_STDLIB_H 1
| #define HAVE_STRING_H 1
| #define HAVE_MEMORY_H 1
| #define HAVE_STRINGS_H 1
| #define HAVE_INTTYPES_H 1
| #define HAVE_STDINT_H 1
| #define HAVE_UNISTD_H 1
| #define STDC_HEADERS 1
| #define HAVE_ERRNO_H 1
| #define HAVE_LIMITS_H 1
| #define HAVE_STDDEF_H 1
| #define HAVE_STDLIB_H 1
| #define HAVE_STRING_H 1
| #define HAVE_UNISTD_H 1
| /* end confdefs.h.  */
| #include <pthread.h>
| int
| main ()
| {
| pthread_t th; pthread_join(th, 0);
|                      pthread_attr_init(0); pthread_cleanup_push(0, 0);
|                      pthread_create(0,0,0,0); pthread_cleanup_pop(0);
|   ;
|   return 0;
| }
configure:12453: result: no
configure:12673: result:
** Configuration summary for gd 2.0.33:

   Support for PNG library:          no
   Support for JPEG library:         no
   Support for Freetype 2.x library: no
   Support for Fontconfig library:   no
   Support for Xpm library:          no
   Support for pthreads:             no

configure:12804: creating ./config.status

## ---------------------- ##
## Running config.status. ##
## ---------------------- ##

This file was extended by GD config.status 2.0.33, which was
generated by GNU Autoconf 2.59.  Invocation command line was

  CONFIG_FILES    = 
  CONFIG_HEADERS  = 
  CONFIG_LINKS    = 
  CONFIG_COMMANDS = 
  $ ./config.status 

on ost25-10373c

config.status:718: creating Makefile
config.status:718: creating config/Makefile
config.status:718: creating config/gdlib-config
config.status:718: creating test/Makefile
config.status:822: creating config.h
config.status:1122: executing depfiles commands

## ---------------- ##
## Cache variables. ##
## ---------------- ##

ac_cv_build=i686-pc-cygwin
ac_cv_build_alias=i686-pc-cygwin
ac_cv_c_compiler_gnu=yes
ac_cv_env_CC_set=
ac_cv_env_CC_value=
ac_cv_env_CFLAGS_set=
ac_cv_env_CFLAGS_value=
ac_cv_env_CPPFLAGS_set=
ac_cv_env_CPPFLAGS_value=
ac_cv_env_CPP_set=
ac_cv_env_CPP_value=
ac_cv_env_LDFLAGS_set=
ac_cv_env_LDFLAGS_value=
ac_cv_env_build_alias_set=
ac_cv_env_build_alias_value=
ac_cv_env_host_alias_set=
ac_cv_env_host_alias_value=
ac_cv_env_target_alias_set=
ac_cv_env_target_alias_value=
ac_cv_exeext=.exe
ac_cv_func_sin=yes
ac_cv_have_x=have_x=no
ac_cv_header_dlfcn_h=no
ac_cv_header_errno_h=yes
ac_cv_header_ft2build_h=no
ac_cv_header_iconv_h=no
ac_cv_header_inttypes_h=yes
ac_cv_header_libpng_png_h=no
ac_cv_header_limits_h=yes
ac_cv_header_memory_h=yes
ac_cv_header_png_h=no
ac_cv_header_stdc=yes
ac_cv_header_stddef_h=yes
ac_cv_header_stdint_h=yes
ac_cv_header_stdlib_h=yes
ac_cv_header_string_h=yes
ac_cv_header_strings_h=yes
ac_cv_header_sys_stat_h=yes
ac_cv_header_sys_types_h=yes
ac_cv_header_unistd_h=yes
ac_cv_host=i686-pc-cygwin
ac_cv_host_alias=i686-pc-cygwin
ac_cv_lib_Xpm_XpmReadFileToXpmImage=no
ac_cv_lib_fontconfig_FcInit=no
ac_cv_lib_freetype_FT_Init_FreeType=no
ac_cv_lib_jpeg_jpeg_set_defaults=no
ac_cv_lib_png_png_create_read_struct=no
ac_cv_lib_z_deflate=no
ac_cv_objext=o
ac_cv_path_FREETYPE_CONFIG=/usr/bin/freetype-config
ac_cv_path_install='/usr/bin/install -c'
ac_cv_prog_AWK=gawk
ac_cv_prog_CPP='gcc -E'
ac_cv_prog_ac_ct_CC=gcc
ac_cv_prog_ac_ct_RANLIB=ranlib
ac_cv_prog_ac_ct_STRIP=strip
ac_cv_prog_cc_g=yes
ac_cv_prog_cc_stdc=
ac_cv_prog_egrep='grep -E'
ac_cv_prog_make_make_set=yes
acl_cv_hardcode_direct=no
acl_cv_hardcode_libdir_flag_spec='${wl}-rpath ${wl}$libdir'
acl_cv_hardcode_libdir_separator=
acl_cv_hardcode_minus_L=no
acl_cv_libext=a
acl_cv_path_LD=c:/mingw/mingw32/bin/ld.exe
acl_cv_prog_gnu_ld=yes
acl_cv_rpath=done
acl_cv_shlibext=dll.a
acl_cv_sys_lib_dlsearch_path_spec='/lib /usr/lib'
acl_cv_sys_lib_search_path_spec='/lib /usr/lib /usr/local/lib'
acl_cv_wl=-Wl,
am_cv_CC_dependencies_compiler_type=gcc3
am_cv_func_iconv='no, consider installing GNU libiconv'
am_cv_lib_iconv=no
am_cv_prog_cc_stdc=
lt_cv_compiler_c_o=no
lt_cv_deplibs_check_method='file_magic file format pei*-i386(.*architecture: i386)?'
lt_cv_file_magic_cmd='$OBJDUMP -f'
lt_cv_file_magic_test_file=
lt_cv_global_symbol_to_c_name_address='sed -n -e '\''s/^: \([^ ]*\) $/  {\"\1\", (lt_ptr) 0},/p'\'' -e '\''s/^[BCDEGRST] \([^ ]*\) \([^ ]*\)$/  {"\2", (lt_ptr) \&\2},/p'\'''
lt_cv_global_symbol_to_cdecl='sed -n -e '\''s/^. .* \(.*\)$/extern char \1;/p'\'''
lt_cv_ld_reload_flag=-r
lt_cv_path_LD=c:/mingw/mingw32/bin/ld.exe
lt_cv_path_NM='/cygdrive/c/mingw/bin/nm -B'
lt_cv_path_SED=/usr/bin/sed
lt_cv_prog_cc_can_build_shared=yes
lt_cv_prog_cc_no_builtin=
lt_cv_prog_cc_pic=' -DDLL_EXPORT'
lt_cv_prog_cc_pic_works=yes
lt_cv_prog_cc_shlib=
lt_cv_prog_cc_static=-static
lt_cv_prog_cc_static_works=yes
lt_cv_prog_cc_wl=-Wl,
lt_cv_prog_gnu_ld=yes
lt_cv_sys_global_symbol_pipe='sed -n -e '\''s/^.*[ 	]\([ABCDGISTW][ABCDGISTW]*\)[ 	][ 	]*\(_\)\([_A-Za-z][_A-Za-z0-9]*\)$/\1 \2\3 \3/p'\'''

## ----------------- ##
## Output variables. ##
## ----------------- ##

ACLOCAL='${SHELL} /home/tayloraa/cyg/src/gd-2.0.33/config/missing --run aclocal-1.9'
AMDEPBACKSLASH='\'
AMDEP_FALSE='#'
AMDEP_TRUE=''
AMTAR='${SHELL} /home/tayloraa/cyg/src/gd-2.0.33/config/missing --run tar'
AUTOCONF='${SHELL} /home/tayloraa/cyg/src/gd-2.0.33/config/missing --run autoconf'
AUTOHEADER='${SHELL} /home/tayloraa/cyg/src/gd-2.0.33/config/missing --run autoheader'
AUTOMAKE='${SHELL} /home/tayloraa/cyg/src/gd-2.0.33/config/missing --run automake-1.9'
AWK='gawk'
CC='gcc'
CCDEPMODE='depmode=gcc3'
CFLAGS='-g -O2'
CPP='gcc -E'
CPPFLAGS=''
CYGPATH_W='cygpath -w'
DEFS='-DHAVE_CONFIG_H'
DEPDIR='.deps'
ECHO='echo'
ECHO_C=''
ECHO_N='-n'
ECHO_T=''
EGREP='grep -E'
EXEEXT='.exe'
FEATURES='GD_GIF'
FREETYPE_CONFIG='/usr/bin/freetype-config'
GDLIBNAME='gd'
GDLIB_MAJOR='2'
GDLIB_MINOR='0'
GDLIB_REVISION='33'
INSTALL_DATA='${INSTALL} -m 644'
INSTALL_PROGRAM='${INSTALL}'
INSTALL_SCRIPT='${INSTALL}'
INSTALL_STRIP_PROGRAM='${SHELL} $(install_sh) -c -s'
LDFLAGS=''
LIBICONV=''
LIBOBJS=''
LIBPNG12_CONFIG=''
LIBPNG_CONFIG=''
LIBS=''
LIBTOOL='$(SHELL) $(top_builddir)/libtool'
LN_S='ln -s'
LTLIBICONV=''
LTLIBOBJS=''
MAKEINFO='${SHELL} /home/tayloraa/cyg/src/gd-2.0.33/config/missing --run makeinfo'
OBJEXT='o'
PACKAGE='gd'
PACKAGE_BUGREPORT='gd@boutell.com'
PACKAGE_NAME='GD'
PACKAGE_STRING='GD 2.0.33'
PACKAGE_TARNAME='gd'
PACKAGE_VERSION='2.0.33'
PATH_SEPARATOR=':'
PTHREAD_CC='gcc'
PTHREAD_CFLAGS=''
PTHREAD_LIBS=''
RANLIB='ranlib'
SET_MAKE=''
SHELL='/bin/bash'
STRIP='strip'
VERSION='2.0.33'
ac_ct_CC='gcc'
ac_ct_RANLIB='ranlib'
ac_ct_STRIP='strip'
am__fastdepCC_FALSE='#'
am__fastdepCC_TRUE=''
am__include='include'
am__leading_dot='.'
am__quote=''
am__tar='${AMTAR} chof - "$$tardir"'
am__untar='${AMTAR} xf -'
bindir='${exec_prefix}/bin'
build='i686-pc-cygwin'
build_alias=''
build_cpu='i686'
build_os='cygwin'
build_vendor='pc'
datadir='${prefix}/share'
exec_prefix='${prefix}'
host='i686-pc-cygwin'
host_alias=''
host_cpu='i686'
host_os='cygwin'
host_vendor='pc'
includedir='${prefix}/include'
infodir='${prefix}/info'
install_sh='/home/tayloraa/cyg/src/gd-2.0.33/config/install-sh'
libdir='${exec_prefix}/lib'
libexecdir='${exec_prefix}/libexec'
localstatedir='${prefix}/var'
mandir='${prefix}/man'
mkdir_p='mkdir -p --'
oldincludedir='/usr/include'
prefix='/usr/local'
program_transform_name='s,x,x,'
sbindir='${exec_prefix}/sbin'
sharedstatedir='${prefix}/com'
sysconfdir='${prefix}/etc'
target_alias=''

## ----------- ##
## confdefs.h. ##
## ----------- ##

#define HAVE_ERRNO_H 1
#define HAVE_INTTYPES_H 1
#define HAVE_LIMITS_H 1
#define HAVE_MEMORY_H 1
#define HAVE_STDDEF_H 1
#define HAVE_STDINT_H 1
#define HAVE_STDLIB_H 1
#define HAVE_STDLIB_H 1
#define HAVE_STRINGS_H 1
#define HAVE_STRING_H 1
#define HAVE_STRING_H 1
#define HAVE_SYS_STAT_H 1
#define HAVE_SYS_TYPES_H 1
#define HAVE_UNISTD_H 1
#define HAVE_UNISTD_H 1
#define PACKAGE "gd"
#define PACKAGE_BUGREPORT "gd@boutell.com"
#define PACKAGE_NAME "GD"
#define PACKAGE_STRING "GD 2.0.33"
#define PACKAGE_TARNAME "gd"
#define PACKAGE_VERSION "2.0.33"
#define STDC_HEADERS 1
#define STDC_HEADERS 1
#define VERSION "2.0.33"

configure: exit 0
