
============= MEMWATCH 2.71 Copyright (C) 1992-1999 Johan Lindh =============

Started at Fri Jun 25 14:43:25 2004

Modes: __STDC__ 64-bit mwDWORD==(unsigned long)
mwROUNDALLOC==8 sizeof(mwData)==32 mwDataSize==32


============= MEMWATCH 2.71 Copyright (C) 1992-1999 Johan Lindh =============

Started at Fri Jun 25 14:43:39 2004

Modes: __STDC__ 64-bit mwDWORD==(unsigned long)
mwROUNDALLOC==8 sizeof(mwData)==32 mwDataSize==32


============= MEMWATCH 2.71 Copyright (C) 1992-1999 Johan Lindh =============

Started at Fri Jun 25 14:46:55 2004

Modes: __STDC__ 64-bit mwDWORD==(unsigned long)
mwROUNDALLOC==8 sizeof(mwData)==32 mwDataSize==32


Stopped at Fri Jun 25 14:46:55 2004


Memory usage statistics (global):
 N)umber of allocations made: 63
 L)argest memory usage      : 150
 T)otal of all alloc() calls: 702
 U)nfreed bytes totals      : 0

============= MEMWATCH 2.71 Copyright (C) 1992-1999 Johan Lindh =============

Started at Fri Jun 25 14:48:37 2004

Modes: __STDC__ 64-bit mwDWORD==(unsigned long)
mwROUNDALLOC==8 sizeof(mwData)==32 mwDataSize==32


Stopped at Fri Jun 25 14:48:37 2004


Memory usage statistics (global):
 N)umber of allocations made: 61
 L)argest memory usage      : 150
 T)otal of all alloc() calls: 690
 U)nfreed bytes totals      : 0

============= MEMWATCH 2.71 Copyright (C) 1992-1999 Johan Lindh =============

Started at Fri Jun 25 15:29:18 2004

Modes: __STDC__ 64-bit mwDWORD==(unsigned long)
mwROUNDALLOC==8 sizeof(mwData)==32 mwDataSize==32


Stopped at Fri Jun 25 15:29:18 2004


Memory usage statistics (global):
 N)umber of allocations made: 82
 L)argest memory usage      : 677
 T)otal of all alloc() calls: 1445
 U)nfreed bytes totals      : 0

============= MEMWATCH 2.71 Copyright (C) 1992-1999 Johan Lindh =============

Started at Fri Jun 25 15:29:42 2004

Modes: __STDC__ 64-bit mwDWORD==(unsigned long)
mwROUNDALLOC==8 sizeof(mwData)==32 mwDataSize==32


Stopped at Fri Jun 25 15:29:42 2004


Memory usage statistics (global):
 N)umber of allocations made: 82
 L)argest memory usage      : 677
 T)otal of all alloc() calls: 1447
 U)nfreed bytes totals      : 0

============= MEMWATCH 2.71 Copyright (C) 1992-1999 Johan Lindh =============

Started at Fri Jun 25 15:30:19 2004

Modes: __STDC__ 64-bit mwDWORD==(unsigned long)
mwROUNDALLOC==8 sizeof(mwData)==32 mwDataSize==32


Stopped at Fri Jun 25 15:30:19 2004


Memory usage statistics (global):
 N)umber of allocations made: 82
 L)argest memory usage      : 675
 T)otal of all alloc() calls: 1437
 U)nfreed bytes totals      : 0

============= MEMWATCH 2.71 Copyright (C) 1992-1999 Johan Lindh =============

Started at Fri Jun 25 15:30:30 2004

Modes: __STDC__ 64-bit mwDWORD==(unsigned long)
mwROUNDALLOC==8 sizeof(mwData)==32 mwDataSize==32


Stopped at Fri Jun 25 15:30:30 2004


Memory usage statistics (global):
 N)umber of allocations made: 82
 L)argest memory usage      : 675
 T)otal of all alloc() calls: 1437
 U)nfreed bytes totals      : 0

============= MEMWATCH 2.71 Copyright (C) 1992-1999 Johan Lindh =============

Started at Fri Jun 25 15:31:06 2004

Modes: __STDC__ 64-bit mwDWORD==(unsigned long)
mwROUNDALLOC==8 sizeof(mwData)==32 mwDataSize==32


Stopped at Fri Jun 25 15:31:06 2004


Memory usage statistics (global):
 N)umber of allocations made: 82
 L)argest memory usage      : 675
 T)otal of all alloc() calls: 1437
 U)nfreed bytes totals      : 0

============= MEMWATCH 2.71 Copyright (C) 1992-1999 Johan Lindh =============

Started at Fri Jun 25 15:31:09 2004

Modes: __STDC__ 64-bit mwDWORD==(unsigned long)
mwROUNDALLOC==8 sizeof(mwData)==32 mwDataSize==32


Stopped at Fri Jun 25 15:31:09 2004


Memory usage statistics (global):
 N)umber of allocations made: 82
 L)argest memory usage      : 675
 T)otal of all alloc() calls: 1437
 U)nfreed bytes totals      : 0

============= MEMWATCH 2.71 Copyright (C) 1992-1999 Johan Lindh =============

Started at Fri Jun 25 15:43:52 2004

Modes: __STDC__ 64-bit mwDWORD==(unsigned long)
mwROUNDALLOC==8 sizeof(mwData)==32 mwDataSize==32


Stopped at Fri Jun 25 15:43:52 2004


Memory usage statistics (global):
 N)umber of allocations made: 82
 L)argest memory usage      : 675
 T)otal of all alloc() calls: 1437
 U)nfreed bytes totals      : 0

============= MEMWATCH 2.71 Copyright (C) 1992-1999 Johan Lindh =============

Started at Fri Jun 25 15:46:06 2004

Modes: __STDC__ 64-bit mwDWORD==(unsigned long)
mwROUNDALLOC==8 sizeof(mwData)==32 mwDataSize==32


Stopped at Fri Jun 25 15:46:06 2004


Memory usage statistics (global):
 N)umber of allocations made: 83
 L)argest memory usage      : 675
 T)otal of all alloc() calls: 1474
 U)nfreed bytes totals      : 0

============= MEMWATCH 2.71 Copyright (C) 1992-1999 Johan Lindh =============

Started at Fri Jun 25 16:03:53 2004

Modes: __STDC__ 64-bit mwDWORD==(unsigned long)
mwROUNDALLOC==8 sizeof(mwData)==32 mwDataSize==32


Stopped at Fri Jun 25 16:03:53 2004


Memory usage statistics (global):
 N)umber of allocations made: 83
 L)argest memory usage      : 675
 T)otal of all alloc() calls: 1474
 U)nfreed bytes totals      : 0

============= MEMWATCH 2.71 Copyright (C) 1992-1999 Johan Lindh =============

Started at Fri Jun 25 16:05:10 2004

Modes: __STDC__ 64-bit mwDWORD==(unsigned long)
mwROUNDALLOC==8 sizeof(mwData)==32 mwDataSize==32


Stopped at Fri Jun 25 16:05:10 2004


Memory usage statistics (global):
 N)umber of allocations made: 84
 L)argest memory usage      : 675
 T)otal of all alloc() calls: 1512
 U)nfreed bytes totals      : 0

============= MEMWATCH 2.71 Copyright (C) 1992-1999 Johan Lindh =============

Started at Fri Jun 25 16:06:34 2004

Modes: __STDC__ 64-bit mwDWORD==(unsigned long)
mwROUNDALLOC==8 sizeof(mwData)==32 mwDataSize==32


Stopped at Fri Jun 25 16:06:34 2004


Memory usage statistics (global):
 N)umber of allocations made: 84
 L)argest memory usage      : 675
 T)otal of all alloc() calls: 1512
 U)nfreed bytes totals      : 0

============= MEMWATCH 2.71 Copyright (C) 1992-1999 Johan Lindh =============

Started at Fri Jun 25 16:07:48 2004

Modes: __STDC__ 64-bit mwDWORD==(unsigned long)
mwROUNDALLOC==8 sizeof(mwData)==32 mwDataSize==32


Stopped at Fri Jun 25 16:07:48 2004


Memory usage statistics (global):
 N)umber of allocations made: 84
 L)argest memory usage      : 675
 T)otal of all alloc() calls: 1512
 U)nfreed bytes totals      : 0
